{"uuid":"d2814ee6-4745-48f8-8832-c511fdb5d8b1","historyId":"94cd54a7f7597ffb655057e9b1a0c20f","fullName":"productutils.BRMTestRunner.test3","labels":[{"name":"package","value":"productutils.BRMTestRunner"},{"name":"testClass","value":"productutils.BRMTestRunner"},{"name":"testMethod","value":"test3"},{"name":"parentSuite","value":"Suite"},{"name":"suite","value":"Test"},{"name":"subSuite","value":"productutils.BRMTestRunner"},{"name":"host","value":"SSAHMDTW02334"},{"name":"thread","value":"5276@SSAHMDTW02334.TestNG-test=Test-1(11)"}],"links":[],"name":"test3","status":"skipped","statusDetails":{"known":false,"muted":false,"flaky":false,"message":"Unable to create new service: ChromeDriverService\nBuild info: version: '3.141.59', revision: 'e82be7d358', time: '2018-11-14T08:25:53'\nSystem info: host: 'SSAHMDTW02334', ip: '10.121.21.89', os.name: 'Windows 8.1', os.arch: 'amd64', os.version: '6.3', java.version: '1.8.0_77'\nDriver info: driver.version: unknown\nCommand duration or timeout: 140 milliseconds","trace":"org.openqa.selenium.SessionNotCreatedException: Unable to create new service: ChromeDriverService\nBuild info: version: '3.141.59', revision: 'e82be7d358', time: '2018-11-14T08:25:53'\nSystem info: host: 'SSAHMDTW02334', ip: '10.121.21.89', os.name: 'Windows 8.1', os.arch: 'amd64', os.version: '6.3', java.version: '1.8.0_77'\nDriver info: driver.version: unknown\nCommand duration or timeout: 140 milliseconds\r\n\tat sun.reflect.NativeConstructorAccessorImpl.newInstance0(Native Method)\r\n\tat sun.reflect.NativeConstructorAccessorImpl.newInstance(NativeConstructorAccessorImpl.java:62)\r\n\tat sun.reflect.DelegatingConstructorAccessorImpl.newInstance(DelegatingConstructorAccessorImpl.java:45)\r\n\tat java.lang.reflect.Constructor.newInstance(Constructor.java:423)\r\n\tat org.openqa.selenium.remote.ErrorHandler.createThrowable(ErrorHandler.java:214)\r\n\tat org.openqa.selenium.remote.ErrorHandler.throwIfResponseFailed(ErrorHandler.java:166)\r\n\tat org.openqa.selenium.remote.JsonWireProtocolResponse.lambda$errorHandler$0(JsonWireProtocolResponse.java:54)\r\n\tat org.openqa.selenium.remote.HandshakeResponse.lambda$getResponseFunction$0(HandshakeResponse.java:30)\r\n\tat org.openqa.selenium.remote.ProtocolHandshake.lambda$createSession$0(ProtocolHandshake.java:126)\r\n\tat java.util.stream.ReferencePipeline$3$1.accept(ReferencePipeline.java:193)\r\n\tat java.util.Spliterators$ArraySpliterator.tryAdvance(Spliterators.java:958)\r\n\tat java.util.stream.ReferencePipeline.forEachWithCancel(ReferencePipeline.java:126)\r\n\tat java.util.stream.AbstractPipeline.copyIntoWithCancel(AbstractPipeline.java:498)\r\n\tat java.util.stream.AbstractPipeline.copyInto(AbstractPipeline.java:485)\r\n\tat java.util.stream.AbstractPipeline.wrapAndCopyInto(AbstractPipeline.java:471)\r\n\tat java.util.stream.FindOps$FindOp.evaluateSequential(FindOps.java:152)\r\n\tat java.util.stream.AbstractPipeline.evaluate(AbstractPipeline.java:234)\r\n\tat java.util.stream.ReferencePipeline.findFirst(ReferencePipeline.java:464)\r\n\tat org.openqa.selenium.remote.ProtocolHandshake.createSession(ProtocolHandshake.java:128)\r\n\tat org.openqa.selenium.remote.ProtocolHandshake.createSession(ProtocolHandshake.java:74)\r\n\tat org.openqa.selenium.remote.HttpCommandExecutor.execute(HttpCommandExecutor.java:136)\r\n\tat org.openqa.selenium.remote.RemoteWebDriver.execute(RemoteWebDriver.java:552)\r\n\tat org.openqa.selenium.remote.RemoteWebDriver.startSession(RemoteWebDriver.java:213)\r\n\tat org.openqa.selenium.remote.RemoteWebDriver.<init>(RemoteWebDriver.java:131)\r\n\tat org.openqa.selenium.remote.RemoteWebDriver.<init>(RemoteWebDriver.java:144)\r\n\tat frameworkutils.BrowserFactory.launchBrowser(BrowserFactory.java:60)\r\n\tat frameworkutils.FrameworkBaseTest.startReporter(FrameworkBaseTest.java:35)\r\n\tat sun.reflect.NativeMethodAccessorImpl.invoke0(Native Method)\r\n\tat sun.reflect.NativeMethodAccessorImpl.invoke(NativeMethodAccessorImpl.java:62)\r\n\tat sun.reflect.DelegatingMethodAccessorImpl.invoke(DelegatingMethodAccessorImpl.java:43)\r\n\tat java.lang.reflect.Method.invoke(Method.java:498)\r\n\tat org.testng.internal.MethodInvocationHelper.invokeMethod(MethodInvocationHelper.java:124)\r\n\tat org.testng.internal.MethodInvocationHelper.invokeMethodConsideringTimeout(MethodInvocationHelper.java:59)\r\n\tat org.testng.internal.Invoker.invokeConfigurationMethod(Invoker.java:458)\r\n\tat org.testng.internal.Invoker.invokeConfigurations(Invoker.java:222)\r\n\tat org.testng.internal.Invoker.invokeMethod(Invoker.java:523)\r\n\tat org.testng.internal.Invoker.invokeTestMethod(Invoker.java:719)\r\n\tat org.testng.internal.Invoker.invokeTestMethods(Invoker.java:989)\r\n\tat org.testng.internal.TestMethodWorker.invokeTestMethods(TestMethodWorker.java:125)\r\n\tat org.testng.internal.TestMethodWorker.run(TestMethodWorker.java:109)\r\n\tat java.util.concurrent.ThreadPoolExecutor.runWorker(ThreadPoolExecutor.java:1142)\r\n\tat java.util.concurrent.ThreadPoolExecutor$Worker.run(ThreadPoolExecutor.java:617)\r\n\tat java.lang.Thread.run(Thread.java:745)\r\nCaused by: org.openqa.selenium.SessionNotCreatedException: Unable to create new service: ChromeDriverService\nBuild info: version: '3.141.59', revision: 'e82be7d358', time: '2018-11-14T08:25:53'\nSystem info: host: 'SSAHMDTW02334', ip: '10.121.21.89', os.name: 'Windows 8.1', os.arch: 'amd64', os.version: '6.3', java.version: '1.8.0_77'\nDriver info: driver.version: unknown\nBuild info: version: '3.141.59', revision: 'e82be7d358', time: '2018-11-14T08:17:03'\nSystem info: host: 'SSAHMDTW02334', ip: '10.121.21.89', os.name: 'Windows 8.1', os.arch: 'amd64', os.version: '6.3', java.version: '1.8.0_77'\nDriver info: driver.version: unknown\r\n\tat org.openqa.selenium.grid.session.remote.ServicedSession$Factory.lambda$get$0(ServicedSession.java:135)\r\n\tat org.openqa.selenium.grid.session.remote.ServicedSession$Factory.apply(ServicedSession.java:152)\r\n\tat org.openqa.selenium.remote.server.ActiveSessionFactory.lambda$apply$12(ActiveSessionFactory.java:180)\r\n\tat java.util.stream.ReferencePipeline$3$1.accept(Unknown Source)\r\n\tat java.util.stream.ReferencePipeline$11$1.accept(Unknown Source)\r\n\tat java.util.stream.ReferencePipeline$2$1.accept(Unknown Source)\r\n\tat java.util.Spliterators$ArraySpliterator.tryAdvance(Unknown Source)\r\n\tat java.util.stream.ReferencePipeline.forEachWithCancel(Unknown Source)\r\n\tat java.util.stream.AbstractPipeline.copyIntoWithCancel(Unknown Source)\r\n\tat java.util.stream.AbstractPipeline.copyInto(Unknown Source)\r\n\tat java.util.stream.AbstractPipeline.wrapAndCopyInto(Unknown Source)\r\n\tat java.util.stream.FindOps$FindOp.evaluateSequential(Unknown Source)\r\n\tat java.util.stream.AbstractPipeline.evaluate(Unknown Source)\r\n\tat java.util.stream.ReferencePipeline.findFirst(Unknown Source)\r\n\tat org.openqa.selenium.remote.server.ActiveSessionFactory.apply(ActiveSessionFactory.java:183)\r\n\tat org.openqa.selenium.remote.server.NewSessionPipeline.lambda$null$2(NewSessionPipeline.java:66)\r\n\tat java.util.stream.ReferencePipeline$3$1.accept(Unknown Source)\r\n\tat java.util.stream.ReferencePipeline$2$1.accept(Unknown Source)\r\n\tat java.util.Collections$2.tryAdvance(Unknown Source)\r\n\tat java.util.stream.ReferencePipeline.forEachWithCancel(Unknown Source)\r\n\tat java.util.stream.AbstractPipeline.copyIntoWithCancel(Unknown Source)\r\n\tat java.util.stream.AbstractPipeline.copyInto(Unknown Source)\r\n\tat java.util.stream.AbstractPipeline.wrapAndCopyInto(Unknown Source)\r\n\tat java.util.stream.FindOps$FindOp.evaluateSequential(Unknown Source)\r\n\tat java.util.stream.AbstractPipeline.evaluate(Unknown Source)\r\n\tat java.util.stream.ReferencePipeline.findFirst(Unknown Source)\r\n\tat org.openqa.selenium.remote.server.NewSessionPipeline.lambda$createNewSession$3(NewSessionPipeline.java:69)\r\n\tat java.util.stream.ReferencePipeline$3$1.accept(Unknown Source)\r\n\tat java.util.stream.ReferencePipeline$3$1.accept(Unknown Source)\r\n\tat java.util.stream.ReferencePipeline$3$1.accept(Unknown Source)\r\n\tat java.util.stream.DistinctOps$1$2.accept(Unknown Source)\r\n\tat java.util.stream.ReferencePipeline$2$1.accept(Unknown Source)\r\n\tat java.util.stream.ReferencePipeline$3$1.accept(Unknown Source)\r\n\tat java.util.stream.ReferencePipeline$2$1.accept(Unknown Source)\r\n\tat java.util.stream.Streams$StreamBuilderImpl.tryAdvance(Unknown Source)\r\n\tat java.util.stream.Streams$ConcatSpliterator.tryAdvance(Unknown Source)\r\n\tat java.util.stream.ReferencePipeline.forEachWithCancel(Unknown Source)\r\n\tat java.util.stream.AbstractPipeline.copyIntoWithCancel(Unknown Source)\r\n\tat java.util.stream.AbstractPipeline.copyInto(Unknown Source)\r\n\tat java.util.stream.AbstractPipeline.wrapAndCopyInto(Unknown Source)\r\n\tat java.util.stream.FindOps$FindOp.evaluateSequential(Unknown Source)\r\n\tat java.util.stream.AbstractPipeline.evaluate(Unknown Source)\r\n\tat java.util.stream.ReferencePipeline.findFirst(Unknown Source)\r\n\tat org.openqa.selenium.remote.server.NewSessionPipeline.createNewSession(NewSessionPipeline.java:72)\r\n\tat org.openqa.selenium.remote.server.commandhandler.BeginSession.execute(BeginSession.java:65)\r\n\tat org.openqa.selenium.remote.server.WebDriverServlet.lambda$handle$0(WebDriverServlet.java:235)\r\n\tat java.util.concurrent.Executors$RunnableAdapter.call(Unknown Source)\r\n\tat java.util.concurrent.FutureTask.run(Unknown Source)\r\n\tat java.util.concurrent.ThreadPoolExecutor.runWorker(Unknown Source)\r\n\tat java.util.concurrent.ThreadPoolExecutor$Worker.run(Unknown Source)\r\n\tat java.lang.Thread.run(Unknown Source)\r\n"},"stage":"finished","start":1555043069582,"stop":1555043069582,"parameters":[]}